<?xml version="1.0" encoding="UTF-8"?>
<testsuite xmlns:xsi="http://www.w3.org/2001/XMLSchema-instance" xsi:noNamespaceSchemaLocation="https://maven.apache.org/surefire/maven-surefire-plugin/xsd/surefire-test-report.xsd" version="3.0.2" name="com.solekta.solekta.TechnovaApplicationTests" time="2.308" tests="1" errors="0" skipped="0" failures="0">
  <properties>
    <property name="java.specification.version" value="24"/>
    <property name="sun.cpu.isalist" value="amd64"/>
    <property name="sun.jnu.encoding" value="Cp1252"/>
    <property name="java.class.path" value="E:\OOAD Project\Technova\solekta\target\test-classes;E:\OOAD Project\Technova\solekta\target\classes;C:\Users\solek\.m2\repository\org\springframework\boot\spring-boot-starter\4.0.0-M2\spring-boot-starter-4.0.0-M2.jar;C:\Users\solek\.m2\repository\org\springframework\boot\spring-boot-starter-logging\4.0.0-M2\spring-boot-starter-logging-4.0.0-M2.jar;C:\Users\solek\.m2\repository\ch\qos\logback\logback-classic\1.5.18\logback-classic-1.5.18.jar;C:\Users\solek\.m2\repository\ch\qos\logback\logback-core\1.5.18\logback-core-1.5.18.jar;C:\Users\solek\.m2\repository\org\apache\logging\log4j\log4j-to-slf4j\2.24.3\log4j-to-slf4j-2.24.3.jar;C:\Users\solek\.m2\repository\org\apache\logging\log4j\log4j-api\2.24.3\log4j-api-2.24.3.jar;C:\Users\solek\.m2\repository\org\slf4j\jul-to-slf4j\2.0.17\jul-to-slf4j-2.0.17.jar;C:\Users\solek\.m2\repository\org\springframework\boot\spring-boot-autoconfigure\4.0.0-M2\spring-boot-autoconfigure-4.0.0-M2.jar;C:\Users\solek\.m2\repository\org\springframework\boot\spring-boot\4.0.0-M2\spring-boot-4.0.0-M2.jar;C:\Users\solek\.m2\repository\org\springframework\spring-context\7.0.0-M8\spring-context-7.0.0-M8.jar;C:\Users\solek\.m2\repository\org\springframework\spring-aop\7.0.0-M8\spring-aop-7.0.0-M8.jar;C:\Users\solek\.m2\repository\org\springframework\spring-beans\7.0.0-M8\spring-beans-7.0.0-M8.jar;C:\Users\solek\.m2\repository\org\springframework\spring-expression\7.0.0-M8\spring-expression-7.0.0-M8.jar;C:\Users\solek\.m2\repository\io\micrometer\micrometer-observation\1.16.0-M2\micrometer-observation-1.16.0-M2.jar;C:\Users\solek\.m2\repository\io\micrometer\micrometer-commons\1.16.0-M2\micrometer-commons-1.16.0-M2.jar;C:\Users\solek\.m2\repository\jakarta\annotation\jakarta.annotation-api\3.0.0\jakarta.annotation-api-3.0.0.jar;C:\Users\solek\.m2\repository\org\yaml\snakeyaml\2.4\snakeyaml-2.4.jar;C:\Users\solek\.m2\repository\org\springframework\boot\spring-boot-starter-test\4.0.0-M2\spring-boot-starter-test-4.0.0-M2.jar;C:\Users\solek\.m2\repository\org\springframework\boot\spring-boot-test\4.0.0-M2\spring-boot-test-4.0.0-M2.jar;C:\Users\solek\.m2\repository\org\springframework\boot\spring-boot-restclient-test\4.0.0-M2\spring-boot-restclient-test-4.0.0-M2.jar;C:\Users\solek\.m2\repository\org\springframework\boot\spring-boot-test-autoconfigure\4.0.0-M2\spring-boot-test-autoconfigure-4.0.0-M2.jar;C:\Users\solek\.m2\repository\org\springframework\boot\spring-boot-web-server-test\4.0.0-M2\spring-boot-web-server-test-4.0.0-M2.jar;C:\Users\solek\.m2\repository\com\jayway\jsonpath\json-path\2.9.0\json-path-2.9.0.jar;C:\Users\solek\.m2\repository\org\slf4j\slf4j-api\2.0.17\slf4j-api-2.0.17.jar;C:\Users\solek\.m2\repository\jakarta\xml\bind\jakarta.xml.bind-api\4.0.2\jakarta.xml.bind-api-4.0.2.jar;C:\Users\solek\.m2\repository\jakarta\activation\jakarta.activation-api\2.1.3\jakarta.activation-api-2.1.3.jar;C:\Users\solek\.m2\repository\net\minidev\json-smart\2.6.0\json-smart-2.6.0.jar;C:\Users\solek\.m2\repository\net\minidev\accessors-smart\2.6.0\accessors-smart-2.6.0.jar;C:\Users\solek\.m2\repository\org\ow2\asm\asm\9.7.1\asm-9.7.1.jar;C:\Users\solek\.m2\repository\org\assertj\assertj-core\3.27.4\assertj-core-3.27.4.jar;C:\Users\solek\.m2\repository\net\bytebuddy\byte-buddy\1.17.7\byte-buddy-1.17.7.jar;C:\Users\solek\.m2\repository\org\awaitility\awaitility\4.3.0\awaitility-4.3.0.jar;C:\Users\solek\.m2\repository\org\hamcrest\hamcrest\3.0\hamcrest-3.0.jar;C:\Users\solek\.m2\repository\org\junit\jupiter\junit-jupiter\5.13.4\junit-jupiter-5.13.4.jar;C:\Users\solek\.m2\repository\org\junit\jupiter\junit-jupiter-api\5.13.4\junit-jupiter-api-5.13.4.jar;C:\Users\solek\.m2\repository\org\opentest4j\opentest4j\1.3.0\opentest4j-1.3.0.jar;C:\Users\solek\.m2\repository\org\junit\platform\junit-platform-commons\1.13.4\junit-platform-commons-1.13.4.jar;C:\Users\solek\.m2\repository\org\apiguardian\apiguardian-api\1.1.2\apiguardian-api-1.1.2.jar;C:\Users\solek\.m2\repository\org\junit\jupiter\junit-jupiter-params\5.13.4\junit-jupiter-params-5.13.4.jar;C:\Users\solek\.m2\repository\org\junit\jupiter\junit-jupiter-engine\5.13.4\junit-jupiter-engine-5.13.4.jar;C:\Users\solek\.m2\repository\org\junit\platform\junit-platform-engine\1.13.4\junit-platform-engine-1.13.4.jar;C:\Users\solek\.m2\repository\org\mockito\mockito-core\5.19.0\mockito-core-5.19.0.jar;C:\Users\solek\.m2\repository\net\bytebuddy\byte-buddy-agent\1.17.7\byte-buddy-agent-1.17.7.jar;C:\Users\solek\.m2\repository\org\objenesis\objenesis\3.3\objenesis-3.3.jar;C:\Users\solek\.m2\repository\org\mockito\mockito-junit-jupiter\5.19.0\mockito-junit-jupiter-5.19.0.jar;C:\Users\solek\.m2\repository\org\skyscreamer\jsonassert\1.5.3\jsonassert-1.5.3.jar;C:\Users\solek\.m2\repository\com\vaadin\external\google\android-json\0.0.20131108.vaadin1\android-json-0.0.20131108.vaadin1.jar;C:\Users\solek\.m2\repository\org\springframework\spring-core\7.0.0-M8\spring-core-7.0.0-M8.jar;C:\Users\solek\.m2\repository\commons-logging\commons-logging\1.3.5\commons-logging-1.3.5.jar;C:\Users\solek\.m2\repository\org\jspecify\jspecify\1.0.0\jspecify-1.0.0.jar;C:\Users\solek\.m2\repository\org\springframework\spring-test\7.0.0-M8\spring-test-7.0.0-M8.jar;C:\Users\solek\.m2\repository\org\xmlunit\xmlunit-core\2.10.3\xmlunit-core-2.10.3.jar;"/>
    <property name="java.vm.vendor" value="Oracle Corporation"/>
    <property name="sun.arch.data.model" value="64"/>
    <property name="user.variant" value=""/>
    <property name="java.vendor.url" value="https://java.oracle.com/"/>
    <property name="user.timezone" value="Asia/Colombo"/>
    <property name="os.name" value="Windows 11"/>
    <property name="java.vm.specification.version" value="24"/>
    <property name="APPLICATION_NAME" value="technova"/>
    <property name="sun.java.launcher" value="SUN_STANDARD"/>
    <property name="user.country" value="GB"/>
    <property name="sun.boot.library.path" value="C:\Users\solek\.jdks\openjdk-24.0.1\bin"/>
    <property name="sun.java.command" value="C:\Users\solek\AppData\Local\Temp\surefire1677114524641935886\surefirebooter-20250916135240185_3.jar C:\Users\solek\AppData\Local\Temp\surefire1677114524641935886 2025-09-16T13-52-38_745-jvmRun1 surefire-20250916135240185_1tmp surefire_0-20250916135240185_2tmp"/>
    <property name="jdk.debug" value="release"/>
    <property name="surefire.test.class.path" value="E:\OOAD Project\Technova\solekta\target\test-classes;E:\OOAD Project\Technova\solekta\target\classes;C:\Users\solek\.m2\repository\org\springframework\boot\spring-boot-starter\4.0.0-M2\spring-boot-starter-4.0.0-M2.jar;C:\Users\solek\.m2\repository\org\springframework\boot\spring-boot-starter-logging\4.0.0-M2\spring-boot-starter-logging-4.0.0-M2.jar;C:\Users\solek\.m2\repository\ch\qos\logback\logback-classic\1.5.18\logback-classic-1.5.18.jar;C:\Users\solek\.m2\repository\ch\qos\logback\logback-core\1.5.18\logback-core-1.5.18.jar;C:\Users\solek\.m2\repository\org\apache\logging\log4j\log4j-to-slf4j\2.24.3\log4j-to-slf4j-2.24.3.jar;C:\Users\solek\.m2\repository\org\apache\logging\log4j\log4j-api\2.24.3\log4j-api-2.24.3.jar;C:\Users\solek\.m2\repository\org\slf4j\jul-to-slf4j\2.0.17\jul-to-slf4j-2.0.17.jar;C:\Users\solek\.m2\repository\org\springframework\boot\spring-boot-autoconfigure\4.0.0-M2\spring-boot-autoconfigure-4.0.0-M2.jar;C:\Users\solek\.m2\repository\org\springframework\boot\spring-boot\4.0.0-M2\spring-boot-4.0.0-M2.jar;C:\Users\solek\.m2\repository\org\springframework\spring-context\7.0.0-M8\spring-context-7.0.0-M8.jar;C:\Users\solek\.m2\repository\org\springframework\spring-aop\7.0.0-M8\spring-aop-7.0.0-M8.jar;C:\Users\solek\.m2\repository\org\springframework\spring-beans\7.0.0-M8\spring-beans-7.0.0-M8.jar;C:\Users\solek\.m2\repository\org\springframework\spring-expression\7.0.0-M8\spring-expression-7.0.0-M8.jar;C:\Users\solek\.m2\repository\io\micrometer\micrometer-observation\1.16.0-M2\micrometer-observation-1.16.0-M2.jar;C:\Users\solek\.m2\repository\io\micrometer\micrometer-commons\1.16.0-M2\micrometer-commons-1.16.0-M2.jar;C:\Users\solek\.m2\repository\jakarta\annotation\jakarta.annotation-api\3.0.0\jakarta.annotation-api-3.0.0.jar;C:\Users\solek\.m2\repository\org\yaml\snakeyaml\2.4\snakeyaml-2.4.jar;C:\Users\solek\.m2\repository\org\springframework\boot\spring-boot-starter-test\4.0.0-M2\spring-boot-starter-test-4.0.0-M2.jar;C:\Users\solek\.m2\repository\org\springframework\boot\spring-boot-test\4.0.0-M2\spring-boot-test-4.0.0-M2.jar;C:\Users\solek\.m2\repository\org\springframework\boot\spring-boot-restclient-test\4.0.0-M2\spring-boot-restclient-test-4.0.0-M2.jar;C:\Users\solek\.m2\repository\org\springframework\boot\spring-boot-test-autoconfigure\4.0.0-M2\spring-boot-test-autoconfigure-4.0.0-M2.jar;C:\Users\solek\.m2\repository\org\springframework\boot\spring-boot-web-server-test\4.0.0-M2\spring-boot-web-server-test-4.0.0-M2.jar;C:\Users\solek\.m2\repository\com\jayway\jsonpath\json-path\2.9.0\json-path-2.9.0.jar;C:\Users\solek\.m2\repository\org\slf4j\slf4j-api\2.0.17\slf4j-api-2.0.17.jar;C:\Users\solek\.m2\repository\jakarta\xml\bind\jakarta.xml.bind-api\4.0.2\jakarta.xml.bind-api-4.0.2.jar;C:\Users\solek\.m2\repository\jakarta\activation\jakarta.activation-api\2.1.3\jakarta.activation-api-2.1.3.jar;C:\Users\solek\.m2\repository\net\minidev\json-smart\2.6.0\json-smart-2.6.0.jar;C:\Users\solek\.m2\repository\net\minidev\accessors-smart\2.6.0\accessors-smart-2.6.0.jar;C:\Users\solek\.m2\repository\org\ow2\asm\asm\9.7.1\asm-9.7.1.jar;C:\Users\solek\.m2\repository\org\assertj\assertj-core\3.27.4\assertj-core-3.27.4.jar;C:\Users\solek\.m2\repository\net\bytebuddy\byte-buddy\1.17.7\byte-buddy-1.17.7.jar;C:\Users\solek\.m2\repository\org\awaitility\awaitility\4.3.0\awaitility-4.3.0.jar;C:\Users\solek\.m2\repository\org\hamcrest\hamcrest\3.0\hamcrest-3.0.jar;C:\Users\solek\.m2\repository\org\junit\jupiter\junit-jupiter\5.13.4\junit-jupiter-5.13.4.jar;C:\Users\solek\.m2\repository\org\junit\jupiter\junit-jupiter-api\5.13.4\junit-jupiter-api-5.13.4.jar;C:\Users\solek\.m2\repository\org\opentest4j\opentest4j\1.3.0\opentest4j-1.3.0.jar;C:\Users\solek\.m2\repository\org\junit\platform\junit-platform-commons\1.13.4\junit-platform-commons-1.13.4.jar;C:\Users\solek\.m2\repository\org\apiguardian\apiguardian-api\1.1.2\apiguardian-api-1.1.2.jar;C:\Users\solek\.m2\repository\org\junit\jupiter\junit-jupiter-params\5.13.4\junit-jupiter-params-5.13.4.jar;C:\Users\solek\.m2\repository\org\junit\jupiter\junit-jupiter-engine\5.13.4\junit-jupiter-engine-5.13.4.jar;C:\Users\solek\.m2\repository\org\junit\platform\junit-platform-engine\1.13.4\junit-platform-engine-1.13.4.jar;C:\Users\solek\.m2\repository\org\mockito\mockito-core\5.19.0\mockito-core-5.19.0.jar;C:\Users\solek\.m2\repository\net\bytebuddy\byte-buddy-agent\1.17.7\byte-buddy-agent-1.17.7.jar;C:\Users\solek\.m2\repository\org\objenesis\objenesis\3.3\objenesis-3.3.jar;C:\Users\solek\.m2\repository\org\mockito\mockito-junit-jupiter\5.19.0\mockito-junit-jupiter-5.19.0.jar;C:\Users\solek\.m2\repository\org\skyscreamer\jsonassert\1.5.3\jsonassert-1.5.3.jar;C:\Users\solek\.m2\repository\com\vaadin\external\google\android-json\0.0.20131108.vaadin1\android-json-0.0.20131108.vaadin1.jar;C:\Users\solek\.m2\repository\org\springframework\spring-core\7.0.0-M8\spring-core-7.0.0-M8.jar;C:\Users\solek\.m2\repository\commons-logging\commons-logging\1.3.5\commons-logging-1.3.5.jar;C:\Users\solek\.m2\repository\org\jspecify\jspecify\1.0.0\jspecify-1.0.0.jar;C:\Users\solek\.m2\repository\org\springframework\spring-test\7.0.0-M8\spring-test-7.0.0-M8.jar;C:\Users\solek\.m2\repository\org\xmlunit\xmlunit-core\2.10.3\xmlunit-core-2.10.3.jar;"/>
    <property name="sun.cpu.endian" value="little"/>
    <property name="user.home" value="C:\Users\solek"/>
    <property name="user.language" value="en"/>
    <property name="java.specification.vendor" value="Oracle Corporation"/>
    <property name="java.version.date" value="2025-04-15"/>
    <property name="java.home" value="C:\Users\solek\.jdks\openjdk-24.0.1"/>
    <property name="file.separator" value="\"/>
    <property name="basedir" value="E:\OOAD Project\Technova\solekta"/>
    <property name="java.vm.compressedOopsMode" value="Zero based"/>
    <property name="line.separator" value="&#10;"/>
    <property name="java.vm.specification.vendor" value="Oracle Corporation"/>
    <property name="java.specification.name" value="Java Platform API Specification"/>
    <property name="FILE_LOG_CHARSET" value="UTF-8"/>
    <property name="java.awt.headless" value="true"/>
    <property name="surefire.real.class.path" value="C:\Users\solek\AppData\Local\Temp\surefire1677114524641935886\surefirebooter-20250916135240185_3.jar"/>
    <property name="user.script" value=""/>
    <property name="sun.management.compiler" value="HotSpot 64-Bit Tiered Compilers"/>
    <property name="java.runtime.version" value="24.0.1+9-30"/>
    <property name="user.name" value="SOLEKTA"/>
    <property name="stdout.encoding" value="Cp1252"/>
    <property name="path.separator" value=";"/>
    <property name="os.version" value="10.0"/>
    <property name="java.runtime.name" value="OpenJDK Runtime Environment"/>
    <property name="file.encoding" value="UTF-8"/>
    <property name="java.vm.name" value="OpenJDK 64-Bit Server VM"/>
    <property name="localRepository" value="C:\Users\solek\.m2\repository"/>
    <property name="java.vendor.url.bug" value="https://bugreport.java.com/bugreport/"/>
    <property name="java.io.tmpdir" value="C:\Users\solek\AppData\Local\Temp\"/>
    <property name="idea.version" value="2025.1.4.1"/>
    <property name="java.version" value="24.0.1"/>
    <property name="user.dir" value="E:\OOAD Project\Technova\solekta"/>
    <property name="os.arch" value="amd64"/>
    <property name="java.vm.specification.name" value="Java Virtual Machine Specification"/>
    <property name="PID" value="14696"/>
    <property name="sun.os.patch.level" value=""/>
    <property name="CONSOLE_LOG_CHARSET" value="windows-1252"/>
    <property name="native.encoding" value="Cp1252"/>
    <property name="java.library.path" value="C:\Users\solek\.jdks\openjdk-24.0.1\bin;C:\Windows\Sun\Java\bin;C:\Windows\system32;C:\Windows;C:\Program Files (x86)\Common Files\Oracle\Java\java8path;C:\Program Files (x86)\Common Files\Oracle\Java\javapath;C:\Windows\system32;C:\Windows;C:\Windows\System32\Wbem;C:\Windows\System32\WindowsPowerShell\v1.0\;C:\Windows\System32\OpenSSH\;C:\Program Files (x86)\Intel\Intel(R) Management Engine Components\DAL;C:\Program Files\Intel\Intel(R) Management Engine Components\DAL;C:\Program Files\Git\cmd;C:\Program Files (x86)\Microsoft SQL Server\160\Tools\Binn\;C:\Program Files\Microsoft SQL Server\160\Tools\Binn\;C:\Program Files\Microsoft SQL Server\Client SDK\ODBC\170\Tools\Binn\;C:\Program Files\Microsoft SQL Server\160\DTS\Binn\;C:\Program Files\MySQL\MySQL Server 8.0\bin;C:\Program Files\MySQL\MySQL Shell 8.0\bin\;C:\Users\solek\AppData\Local\Programs\Python\Python310\Scripts\;C:\Users\solek\AppData\Local\Programs\Python\Python310\;C:\Users\solek\AppData\Local\Microsoft\WindowsApps;C:\Program Files\JetBrains\PyCharm Community Edition 2023.1.2\bin;;C:\Users\solek\AppData\Local\Programs\Microsoft VS Code\bin;C:\msys64\ucrt64\bin;;."/>
    <property name="java.vm.info" value="mixed mode, sharing"/>
    <property name="stderr.encoding" value="Cp1252"/>
    <property name="java.vendor" value="Oracle Corporation"/>
    <property name="java.vm.version" value="24.0.1+9-30"/>
    <property name="sun.io.unicode.encoding" value="UnicodeLittle"/>
    <property name="java.class.version" value="68.0"/>
    <property name="LOGGED_APPLICATION_NAME" value="[technova] "/>
  </properties>
  <testcase name="contextLoads" classname="com.solekta.solekta.TechnovaApplicationTests" time="0.917">
    <system-out><![CDATA[13:52:41.358 [main] INFO org.springframework.test.context.support.AnnotationConfigContextLoaderUtils -- Could not detect default configuration classes for test class [com.solekta.solekta.TechnovaApplicationTests]: TechnovaApplicationTests does not declare any static, non-private, non-final, nested classes annotated with @Configuration.
13:52:41.521 [main] INFO org.springframework.boot.test.context.SpringBootTestContextBootstrapper -- Found @SpringBootConfiguration com.solekta.solekta.TechnovaApplication for test class com.solekta.solekta.TechnovaApplicationTests

  .   ____          _            __ _ _
 /\\ / ___'_ __ _ _(_)_ __  __ _ \ \ \ \
( ( )\___ | '_ | '_| | '_ \/ _` | \ \ \ \
 \\/  ___)| |_)| | | | | || (_| |  ) ) ) )
  '  |____| .__|_| |_|_| |_\__, | / / / /
 =========|_|==============|___/=/_/_/_/

 :: Spring Boot ::             (v4.0.0-M2)

2025-09-16T13:52:42.045+05:30  INFO 14696 --- [technova] [           main] c.s.solekta.TechnovaApplicationTests     : Starting TechnovaApplicationTests using Java 24.0.1 with PID 14696 (started by SOLEKTA in E:\OOAD Project\Technova\solekta)
2025-09-16T13:52:42.046+05:30  INFO 14696 --- [technova] [           main] c.s.solekta.TechnovaApplicationTests     : No active profile set, falling back to 1 default profile: "default"
2025-09-16T13:52:42.504+05:30  INFO 14696 --- [technova] [           main] c.s.solekta.TechnovaApplicationTests     : Started TechnovaApplicationTests in 0.796 seconds (process running for 2.165)
]]></system-out>
    <system-err><![CDATA[Mockito is currently self-attaching to enable the inline-mock-maker. This will no longer work in future releases of the JDK. Please add Mockito as an agent to your build as described in Mockito's documentation: https://javadoc.io/doc/org.mockito/mockito-core/latest/org.mockito/org/mockito/Mockito.html#0.3
WARNING: A Java agent has been loaded dynamically (C:\Users\solek\.m2\repository\net\bytebuddy\byte-buddy-agent\1.17.7\byte-buddy-agent-1.17.7.jar)
WARNING: If a serviceability tool is in use, please run with -XX:+EnableDynamicAgentLoading to hide this warning
WARNING: If a serviceability tool is not in use, please run with -Djdk.instrument.traceUsage for more information
WARNING: Dynamic loading of agents will be disallowed by default in a future release
]]></system-err>
  </testcase>
</testsuite>